<?xml version="1.0" encoding="UTF-8"?>
<!-- Generated by org.testng.reporters.JUnitXMLReporter -->
<testsuite ignored="0" hostname="LAPTOP-UJMV62ID" failures="1" tests="25" name="different feature test" time="71.891" errors="0" timestamp="10 Jul 2018 13:19:36 GMT">
  <testcase classname="com.testNG.Assertverification" name="GoogleIma" time="0.091"/>
  <testcase classname="com.testNG.Assertverification" name="GoogleTitle" time="0.015"/>
  <testcase classname="com.testNG.Assertverification" name="Googlemail" time="0.075"/>
  <testcase classname="com.testNG.DependsOn" name="Login" time="0.001"/>
  <testcase classname="com.testNG.DependsOn" name="Contact" time="0.002"/>
  <testcase classname="com.testNG.DependsOn" name="Home" time="0.001"/>
  <testcase classname="com.testNG.DependsOn" name="Reg" time="0.001"/>
  <testcase classname="com.testNG.ExpectedException" name="sum" time="0.001"/>
  <testcase classname="com.testNG.InvocationCountTest" name="sum" time="0.001"/>
  <testcase classname="com.testNG.InvocationCountTest" name="sum" time="0.001"/>
  <testcase classname="com.testNG.InvocationCountTest" name="sum" time="0.001"/>
  <testcase classname="com.testNG.InvocationCountTest" name="sum" time="0.001"/>
  <testcase classname="com.testNG.InvocationCountTest" name="sum" time="0.001"/>
  <testcase classname="com.testNG.InvocationCountTest" name="sum" time="0.001"/>
  <testcase classname="com.testNG.InvocationCountTest" name="sum" time="0.001"/>
  <testcase classname="com.testNG.InvocationCountTest" name="sum" time="0.001"/>
  <testcase classname="com.testNG.InvocationCountTest" name="sum" time="0.001"/>
  <testcase classname="com.testNG.InvocationCountTest" name="sum" time="0.001"/>
  <testcase classname="com.testNG.InvocationCountTest" name="sum" time="0.004"/>
  <testcase classname="com.testNG.InvocationCountTest" name="sum" time="0.001"/>
  <testcase classname="com.testNG.InvocationCountTest" name="sum" time="0.001"/>
  <testcase classname="com.testNG.InvocationCountTest" name="sum" time="0.002"/>
  <testcase classname="com.testNG.InvocationCountTest" name="sum" time="0.001"/>
  <testcase classname="com.testNG.GoogleTest" name="Googlemail" time="30.092">
    <failure type="org.openqa.selenium.NoSuchElementException" message="no such element: Unable to locate element: {&amp;quot;method&amp;quot;:&amp;quot;link text&amp;quot;,&amp;quot;selector&amp;quot;:&amp;quot;mail&amp;quot;}
  (Session info: chrome=67.0.3396.99)
  (Driver info: chromedriver=2.40.565498 (ea082db3280dd6843ebfb08a625e3eb905c4f5ab),platform=Windows NT 10.0.17134 x86_64) (WARNING: The server did not provide any stacktrace information)
Command duration or timeout: 0 milliseconds
For documentation on this error, please visit: http://seleniumhq.org/exceptions/no_such_element.html
Build info: version: &amp;apos;3.12.0&amp;apos;, revision: &amp;apos;7c6e0b3&amp;apos;, time: &amp;apos;2018-05-08T15:15:03.216Z&amp;apos;
System info: host: &amp;apos;LAPTOP-UJMV62ID&amp;apos;, ip: &amp;apos;192.168.1.23&amp;apos;, os.name: &amp;apos;Windows 10&amp;apos;, os.arch: &amp;apos;amd64&amp;apos;, os.version: &amp;apos;10.0&amp;apos;, java.version: &amp;apos;10.0.1&amp;apos;
Driver info: org.openqa.selenium.chrome.ChromeDriver
Capabilities {acceptInsecureCerts: false, acceptSslCerts: false, applicationCacheEnabled: false, browserConnectionEnabled: false, browserName: chrome, chrome: {chromedriverVersion: 2.40.565498 (ea082db3280dd6..., userDataDir: C:\Users\dhiva\AppData\Loca...}, cssSelectorsEnabled: true, databaseEnabled: false, handlesAlerts: true, hasTouchScreen: false, javascriptEnabled: true, locationContextEnabled: true, mobileEmulationEnabled: false, nativeEvents: true, networkConnectionEnabled: false, pageLoadStrategy: normal, platform: XP, platformName: XP, rotatable: false, setWindowRect: true, takesHeapSnapshot: true, takesScreenshot: true, unexpectedAlertBehaviour: , unhandledPromptBehavior: , version: 67.0.3396.99, webStorageEnabled: true}
Session ID: 731c35147906486c0fdadafadab7cf49
*** Element info: {Using=link text, value=mail}">
      <![CDATA[org.openqa.selenium.NoSuchElementException: no such element: Unable to locate element: {"method":"link text","selector":"mail"}
  (Session info: chrome=67.0.3396.99)
  (Driver info: chromedriver=2.40.565498 (ea082db3280dd6843ebfb08a625e3eb905c4f5ab),platform=Windows NT 10.0.17134 x86_64) (WARNING: The server did not provide any stacktrace information)
Command duration or timeout: 0 milliseconds
For documentation on this error, please visit: http://seleniumhq.org/exceptions/no_such_element.html
Build info: version: '3.12.0', revision: '7c6e0b3', time: '2018-05-08T15:15:03.216Z'
System info: host: 'LAPTOP-UJMV62ID', ip: '192.168.1.23', os.name: 'Windows 10', os.arch: 'amd64', os.version: '10.0', java.version: '10.0.1'
Driver info: org.openqa.selenium.chrome.ChromeDriver
Capabilities {acceptInsecureCerts: false, acceptSslCerts: false, applicationCacheEnabled: false, browserConnectionEnabled: false, browserName: chrome, chrome: {chromedriverVersion: 2.40.565498 (ea082db3280dd6..., userDataDir: C:\Users\dhiva\AppData\Loca...}, cssSelectorsEnabled: true, databaseEnabled: false, handlesAlerts: true, hasTouchScreen: false, javascriptEnabled: true, locationContextEnabled: true, mobileEmulationEnabled: false, nativeEvents: true, networkConnectionEnabled: false, pageLoadStrategy: normal, platform: XP, platformName: XP, rotatable: false, setWindowRect: true, takesHeapSnapshot: true, takesScreenshot: true, unexpectedAlertBehaviour: , unhandledPromptBehavior: , version: 67.0.3396.99, webStorageEnabled: true}
Session ID: 731c35147906486c0fdadafadab7cf49
*** Element info: {Using=link text, value=mail}
at org.openqa.selenium.remote.ErrorHandler.createThrowable(ErrorHandler.java:214)
at org.openqa.selenium.remote.ErrorHandler.throwIfResponseFailed(ErrorHandler.java:166)
at org.openqa.selenium.remote.http.JsonHttpResponseCodec.reconstructValue(JsonHttpResponseCodec.java:40)
at org.openqa.selenium.remote.http.AbstractHttpResponseCodec.decode(AbstractHttpResponseCodec.java:80)
at org.openqa.selenium.remote.http.AbstractHttpResponseCodec.decode(AbstractHttpResponseCodec.java:44)
at org.openqa.selenium.remote.HttpCommandExecutor.execute(HttpCommandExecutor.java:158)
at org.openqa.selenium.remote.service.DriverCommandExecutor.execute(DriverCommandExecutor.java:83)
at org.openqa.selenium.remote.RemoteWebDriver.execute(RemoteWebDriver.java:543)
at org.openqa.selenium.remote.RemoteWebDriver.findElement(RemoteWebDriver.java:317)
at org.openqa.selenium.remote.RemoteWebDriver.findElementByLinkText(RemoteWebDriver.java:371)
at org.openqa.selenium.By$ByLinkText.findElement(By.java:220)
at org.openqa.selenium.remote.RemoteWebDriver.findElement(RemoteWebDriver.java:309)
at com.testNG.GoogleTest.Googlemail(GoogleTest.java:32)
... Removed 29 stack frames]]>
    </failure>
  </testcase> <!-- Googlemail -->
  <testcase classname="com.testNG.GoogleTest" name="GoogleIma" time="4.006"/>
</testsuite> <!-- different feature test -->
