<?xml version="1.0" encoding="UTF-8"?>
<testng-results ignored="0" total="25" passed="24" failed="1" skipped="0">
  <reporter-output>
  </reporter-output>
  <suite started-at="2018-07-10T13:18:24Z" name="Google test automation suite" finished-at="2018-07-10T13:19:36Z" duration-ms="71891">
    <groups>
    </groups>
    <test started-at="2018-07-10T13:18:24Z" name="different feature test" finished-at="2018-07-10T13:19:36Z" duration-ms="71891">
      <class name="com.testNG.InvocationCountTest">
        <test-method signature="sum()[pri:0, instance:com.testNG.InvocationCountTest@6fd83fc1]" started-at="2018-07-10T13:18:47Z" name="sum" finished-at="2018-07-10T13:18:47Z" duration-ms="1" status="PASS">
          <reporter-output>
          </reporter-output>
        </test-method> <!-- sum -->
        <test-method signature="sum()[pri:0, instance:com.testNG.InvocationCountTest@6fd83fc1]" started-at="2018-07-10T13:18:47Z" name="sum" finished-at="2018-07-10T13:18:47Z" duration-ms="1" status="PASS">
          <reporter-output>
          </reporter-output>
        </test-method> <!-- sum -->
        <test-method signature="sum()[pri:0, instance:com.testNG.InvocationCountTest@6fd83fc1]" started-at="2018-07-10T13:18:47Z" name="sum" finished-at="2018-07-10T13:18:47Z" duration-ms="1" status="PASS">
          <reporter-output>
          </reporter-output>
        </test-method> <!-- sum -->
        <test-method signature="sum()[pri:0, instance:com.testNG.InvocationCountTest@6fd83fc1]" started-at="2018-07-10T13:18:47Z" name="sum" finished-at="2018-07-10T13:18:47Z" duration-ms="1" status="PASS">
          <reporter-output>
          </reporter-output>
        </test-method> <!-- sum -->
        <test-method signature="sum()[pri:0, instance:com.testNG.InvocationCountTest@6fd83fc1]" started-at="2018-07-10T13:18:47Z" name="sum" finished-at="2018-07-10T13:18:47Z" duration-ms="1" status="PASS">
          <reporter-output>
          </reporter-output>
        </test-method> <!-- sum -->
        <test-method signature="sum()[pri:0, instance:com.testNG.InvocationCountTest@6fd83fc1]" started-at="2018-07-10T13:18:47Z" name="sum" finished-at="2018-07-10T13:18:47Z" duration-ms="1" status="PASS">
          <reporter-output>
          </reporter-output>
        </test-method> <!-- sum -->
        <test-method signature="sum()[pri:0, instance:com.testNG.InvocationCountTest@6fd83fc1]" started-at="2018-07-10T13:18:47Z" name="sum" finished-at="2018-07-10T13:18:47Z" duration-ms="1" status="PASS">
          <reporter-output>
          </reporter-output>
        </test-method> <!-- sum -->
        <test-method signature="sum()[pri:0, instance:com.testNG.InvocationCountTest@6fd83fc1]" started-at="2018-07-10T13:18:47Z" name="sum" finished-at="2018-07-10T13:18:47Z" duration-ms="1" status="PASS">
          <reporter-output>
          </reporter-output>
        </test-method> <!-- sum -->
        <test-method signature="sum()[pri:0, instance:com.testNG.InvocationCountTest@6fd83fc1]" started-at="2018-07-10T13:18:47Z" name="sum" finished-at="2018-07-10T13:18:47Z" duration-ms="1" status="PASS">
          <reporter-output>
          </reporter-output>
        </test-method> <!-- sum -->
        <test-method signature="sum()[pri:0, instance:com.testNG.InvocationCountTest@6fd83fc1]" started-at="2018-07-10T13:18:47Z" name="sum" finished-at="2018-07-10T13:18:47Z" duration-ms="1" status="PASS">
          <reporter-output>
          </reporter-output>
        </test-method> <!-- sum -->
        <test-method signature="sum()[pri:0, instance:com.testNG.InvocationCountTest@6fd83fc1]" started-at="2018-07-10T13:18:47Z" name="sum" finished-at="2018-07-10T13:18:47Z" duration-ms="4" status="PASS">
          <reporter-output>
          </reporter-output>
        </test-method> <!-- sum -->
        <test-method signature="sum()[pri:0, instance:com.testNG.InvocationCountTest@6fd83fc1]" started-at="2018-07-10T13:18:47Z" name="sum" finished-at="2018-07-10T13:18:47Z" duration-ms="1" status="PASS">
          <reporter-output>
          </reporter-output>
        </test-method> <!-- sum -->
        <test-method signature="sum()[pri:0, instance:com.testNG.InvocationCountTest@6fd83fc1]" started-at="2018-07-10T13:18:47Z" name="sum" finished-at="2018-07-10T13:18:47Z" duration-ms="1" status="PASS">
          <reporter-output>
          </reporter-output>
        </test-method> <!-- sum -->
        <test-method signature="sum()[pri:0, instance:com.testNG.InvocationCountTest@6fd83fc1]" started-at="2018-07-10T13:18:47Z" name="sum" finished-at="2018-07-10T13:18:47Z" duration-ms="2" status="PASS">
          <reporter-output>
          </reporter-output>
        </test-method> <!-- sum -->
        <test-method signature="sum()[pri:0, instance:com.testNG.InvocationCountTest@6fd83fc1]" started-at="2018-07-10T13:18:47Z" name="sum" finished-at="2018-07-10T13:18:47Z" duration-ms="1" status="PASS">
          <reporter-output>
          </reporter-output>
        </test-method> <!-- sum -->
      </class> <!-- com.testNG.InvocationCountTest -->
      <class name="com.testNG.ExpectedException">
        <test-method signature="sum()[pri:0, instance:com.testNG.ExpectedException@306e95ec]" started-at="2018-07-10T13:18:47Z" name="sum" finished-at="2018-07-10T13:18:47Z" duration-ms="1" status="PASS">
          <exception class="java.lang.NumberFormatException">
            <message>
              <![CDATA[For input string: "100E"]]>
            </message>
            <full-stacktrace>
              <![CDATA[java.lang.NumberFormatException: For input string: "100E"
at java.base/java.lang.NumberFormatException.forInputString(Unknown Source)
at java.base/java.lang.Integer.parseInt(Unknown Source)
at java.base/java.lang.Integer.parseInt(Unknown Source)
at com.testNG.ExpectedException.sum(ExpectedException.java:10)
at java.base/jdk.internal.reflect.NativeMethodAccessorImpl.invoke0(Native Method)
at java.base/jdk.internal.reflect.NativeMethodAccessorImpl.invoke(Unknown Source)
at java.base/jdk.internal.reflect.DelegatingMethodAccessorImpl.invoke(Unknown Source)
at java.base/java.lang.reflect.Method.invoke(Unknown Source)
at org.testng.internal.MethodInvocationHelper.invokeMethod(MethodInvocationHelper.java:124)
at org.testng.internal.Invoker.invokeMethod(Invoker.java:580)
at org.testng.internal.Invoker.invokeTestMethod(Invoker.java:716)
at org.testng.internal.Invoker.invokeTestMethods(Invoker.java:988)
at org.testng.internal.TestMethodWorker.invokeTestMethods(TestMethodWorker.java:125)
at org.testng.internal.TestMethodWorker.run(TestMethodWorker.java:109)
at org.testng.TestRunner.privateRun(TestRunner.java:648)
at org.testng.TestRunner.run(TestRunner.java:505)
at org.testng.SuiteRunner.runTest(SuiteRunner.java:455)
at org.testng.SuiteRunner.runSequentially(SuiteRunner.java:450)
at org.testng.SuiteRunner.privateRun(SuiteRunner.java:415)
at org.testng.SuiteRunner.run(SuiteRunner.java:364)
at org.testng.SuiteRunnerWorker.runSuite(SuiteRunnerWorker.java:52)
at org.testng.SuiteRunnerWorker.run(SuiteRunnerWorker.java:84)
at org.testng.TestNG.runSuitesSequentially(TestNG.java:1208)
at org.testng.TestNG.runSuitesLocally(TestNG.java:1137)
at org.testng.TestNG.runSuites(TestNG.java:1049)
at org.testng.TestNG.run(TestNG.java:1017)
at org.testng.remote.AbstractRemoteTestNG.run(AbstractRemoteTestNG.java:114)
at org.testng.remote.RemoteTestNG.initAndRun(RemoteTestNG.java:251)
at org.testng.remote.RemoteTestNG.main(RemoteTestNG.java:77)
]]>
            </full-stacktrace>
          </exception> <!-- java.lang.NumberFormatException -->
          <reporter-output>
          </reporter-output>
        </test-method> <!-- sum -->
      </class> <!-- com.testNG.ExpectedException -->
      <class name="com.testNG.GoogleTest">
        <test-method is-config="true" signature="setup()[pri:0, instance:com.testNG.GoogleTest@52af26ee]" started-at="2018-07-10T13:18:47Z" name="setup" finished-at="2018-07-10T13:18:53Z" duration-ms="6025" status="PASS">
          <reporter-output>
          </reporter-output>
        </test-method> <!-- setup -->
        <test-method signature="Googlemail()[pri:1, instance:com.testNG.GoogleTest@52af26ee]" started-at="2018-07-10T13:18:53Z" name="Googlemail" finished-at="2018-07-10T13:19:23Z" duration-ms="30092" status="FAIL">
          <exception class="org.openqa.selenium.NoSuchElementException">
            <message>
              <![CDATA[no such element: Unable to locate element: {"method":"link text","selector":"mail"}
  (Session info: chrome=67.0.3396.99)
  (Driver info: chromedriver=2.40.565498 (ea082db3280dd6843ebfb08a625e3eb905c4f5ab),platform=Windows NT 10.0.17134 x86_64) (WARNING: The server did not provide any stacktrace information)
Command duration or timeout: 0 milliseconds
For documentation on this error, please visit: http://seleniumhq.org/exceptions/no_such_element.html
Build info: version: '3.12.0', revision: '7c6e0b3', time: '2018-05-08T15:15:03.216Z'
System info: host: 'LAPTOP-UJMV62ID', ip: '192.168.1.23', os.name: 'Windows 10', os.arch: 'amd64', os.version: '10.0', java.version: '10.0.1'
Driver info: org.openqa.selenium.chrome.ChromeDriver
Capabilities {acceptInsecureCerts: false, acceptSslCerts: false, applicationCacheEnabled: false, browserConnectionEnabled: false, browserName: chrome, chrome: {chromedriverVersion: 2.40.565498 (ea082db3280dd6..., userDataDir: C:\Users\dhiva\AppData\Loca...}, cssSelectorsEnabled: true, databaseEnabled: false, handlesAlerts: true, hasTouchScreen: false, javascriptEnabled: true, locationContextEnabled: true, mobileEmulationEnabled: false, nativeEvents: true, networkConnectionEnabled: false, pageLoadStrategy: normal, platform: XP, platformName: XP, rotatable: false, setWindowRect: true, takesHeapSnapshot: true, takesScreenshot: true, unexpectedAlertBehaviour: , unhandledPromptBehavior: , version: 67.0.3396.99, webStorageEnabled: true}
Session ID: 731c35147906486c0fdadafadab7cf49
*** Element info: {Using=link text, value=mail}]]>
            </message>
            <full-stacktrace>
              <![CDATA[org.openqa.selenium.NoSuchElementException: no such element: Unable to locate element: {"method":"link text","selector":"mail"}
  (Session info: chrome=67.0.3396.99)
  (Driver info: chromedriver=2.40.565498 (ea082db3280dd6843ebfb08a625e3eb905c4f5ab),platform=Windows NT 10.0.17134 x86_64) (WARNING: The server did not provide any stacktrace information)
Command duration or timeout: 0 milliseconds
For documentation on this error, please visit: http://seleniumhq.org/exceptions/no_such_element.html
Build info: version: '3.12.0', revision: '7c6e0b3', time: '2018-05-08T15:15:03.216Z'
System info: host: 'LAPTOP-UJMV62ID', ip: '192.168.1.23', os.name: 'Windows 10', os.arch: 'amd64', os.version: '10.0', java.version: '10.0.1'
Driver info: org.openqa.selenium.chrome.ChromeDriver
Capabilities {acceptInsecureCerts: false, acceptSslCerts: false, applicationCacheEnabled: false, browserConnectionEnabled: false, browserName: chrome, chrome: {chromedriverVersion: 2.40.565498 (ea082db3280dd6..., userDataDir: C:\Users\dhiva\AppData\Loca...}, cssSelectorsEnabled: true, databaseEnabled: false, handlesAlerts: true, hasTouchScreen: false, javascriptEnabled: true, locationContextEnabled: true, mobileEmulationEnabled: false, nativeEvents: true, networkConnectionEnabled: false, pageLoadStrategy: normal, platform: XP, platformName: XP, rotatable: false, setWindowRect: true, takesHeapSnapshot: true, takesScreenshot: true, unexpectedAlertBehaviour: , unhandledPromptBehavior: , version: 67.0.3396.99, webStorageEnabled: true}
Session ID: 731c35147906486c0fdadafadab7cf49
*** Element info: {Using=link text, value=mail}
at java.base/jdk.internal.reflect.NativeConstructorAccessorImpl.newInstance0(Native Method)
at java.base/jdk.internal.reflect.NativeConstructorAccessorImpl.newInstance(Unknown Source)
at java.base/jdk.internal.reflect.DelegatingConstructorAccessorImpl.newInstance(Unknown Source)
at java.base/java.lang.reflect.Constructor.newInstance(Unknown Source)
at org.openqa.selenium.remote.ErrorHandler.createThrowable(ErrorHandler.java:214)
at org.openqa.selenium.remote.ErrorHandler.throwIfResponseFailed(ErrorHandler.java:166)
at org.openqa.selenium.remote.http.JsonHttpResponseCodec.reconstructValue(JsonHttpResponseCodec.java:40)
at org.openqa.selenium.remote.http.AbstractHttpResponseCodec.decode(AbstractHttpResponseCodec.java:80)
at org.openqa.selenium.remote.http.AbstractHttpResponseCodec.decode(AbstractHttpResponseCodec.java:44)
at org.openqa.selenium.remote.HttpCommandExecutor.execute(HttpCommandExecutor.java:158)
at org.openqa.selenium.remote.service.DriverCommandExecutor.execute(DriverCommandExecutor.java:83)
at org.openqa.selenium.remote.RemoteWebDriver.execute(RemoteWebDriver.java:543)
at org.openqa.selenium.remote.RemoteWebDriver.findElement(RemoteWebDriver.java:317)
at org.openqa.selenium.remote.RemoteWebDriver.findElementByLinkText(RemoteWebDriver.java:371)
at org.openqa.selenium.By$ByLinkText.findElement(By.java:220)
at org.openqa.selenium.remote.RemoteWebDriver.findElement(RemoteWebDriver.java:309)
at com.testNG.GoogleTest.Googlemail(GoogleTest.java:32)
at java.base/jdk.internal.reflect.NativeMethodAccessorImpl.invoke0(Native Method)
at java.base/jdk.internal.reflect.NativeMethodAccessorImpl.invoke(Unknown Source)
at java.base/jdk.internal.reflect.DelegatingMethodAccessorImpl.invoke(Unknown Source)
at java.base/java.lang.reflect.Method.invoke(Unknown Source)
at org.testng.internal.MethodInvocationHelper.invokeMethod(MethodInvocationHelper.java:124)
at org.testng.internal.Invoker.invokeMethod(Invoker.java:580)
at org.testng.internal.Invoker.invokeTestMethod(Invoker.java:716)
at org.testng.internal.Invoker.invokeTestMethods(Invoker.java:988)
at org.testng.internal.TestMethodWorker.invokeTestMethods(TestMethodWorker.java:125)
at org.testng.internal.TestMethodWorker.run(TestMethodWorker.java:109)
at org.testng.TestRunner.privateRun(TestRunner.java:648)
at org.testng.TestRunner.run(TestRunner.java:505)
at org.testng.SuiteRunner.runTest(SuiteRunner.java:455)
at org.testng.SuiteRunner.runSequentially(SuiteRunner.java:450)
at org.testng.SuiteRunner.privateRun(SuiteRunner.java:415)
at org.testng.SuiteRunner.run(SuiteRunner.java:364)
at org.testng.SuiteRunnerWorker.runSuite(SuiteRunnerWorker.java:52)
at org.testng.SuiteRunnerWorker.run(SuiteRunnerWorker.java:84)
at org.testng.TestNG.runSuitesSequentially(TestNG.java:1208)
at org.testng.TestNG.runSuitesLocally(TestNG.java:1137)
at org.testng.TestNG.runSuites(TestNG.java:1049)
at org.testng.TestNG.run(TestNG.java:1017)
at org.testng.remote.AbstractRemoteTestNG.run(AbstractRemoteTestNG.java:114)
at org.testng.remote.RemoteTestNG.initAndRun(RemoteTestNG.java:251)
at org.testng.remote.RemoteTestNG.main(RemoteTestNG.java:77)
]]>
            </full-stacktrace>
          </exception> <!-- org.openqa.selenium.NoSuchElementException -->
          <reporter-output>
          </reporter-output>
        </test-method> <!-- Googlemail -->
        <test-method is-config="true" signature="closeBrowser()[pri:0, instance:com.testNG.GoogleTest@52af26ee]" started-at="2018-07-10T13:19:23Z" name="closeBrowser" finished-at="2018-07-10T13:19:24Z" duration-ms="802" status="PASS">
          <reporter-output>
          </reporter-output>
        </test-method> <!-- closeBrowser -->
        <test-method is-config="true" signature="setup()[pri:0, instance:com.testNG.GoogleTest@52af26ee]" started-at="2018-07-10T13:19:24Z" name="setup" finished-at="2018-07-10T13:19:31Z" duration-ms="7432" status="PASS">
          <reporter-output>
          </reporter-output>
        </test-method> <!-- setup -->
        <test-method signature="GoogleIma()[pri:2, instance:com.testNG.GoogleTest@52af26ee]" started-at="2018-07-10T13:19:31Z" name="GoogleIma" finished-at="2018-07-10T13:19:35Z" duration-ms="4006" status="PASS">
          <reporter-output>
          </reporter-output>
        </test-method> <!-- GoogleIma -->
        <test-method is-config="true" signature="closeBrowser()[pri:0, instance:com.testNG.GoogleTest@52af26ee]" started-at="2018-07-10T13:19:35Z" name="closeBrowser" finished-at="2018-07-10T13:19:36Z" duration-ms="968" status="PASS">
          <reporter-output>
          </reporter-output>
        </test-method> <!-- closeBrowser -->
      </class> <!-- com.testNG.GoogleTest -->
      <class name="com.testNG.DependsOn">
        <test-method signature="Login()[pri:0, instance:com.testNG.DependsOn@25fb8912]" started-at="2018-07-10T13:18:47Z" name="Login" finished-at="2018-07-10T13:18:47Z" duration-ms="1" status="PASS">
          <reporter-output>
          </reporter-output>
        </test-method> <!-- Login -->
        <test-method signature="Contact()[pri:0, instance:com.testNG.DependsOn@25fb8912]" started-at="2018-07-10T13:18:47Z" name="Contact" finished-at="2018-07-10T13:18:47Z" depends-on-methods="com.testNG.DependsOn.Login" duration-ms="2" status="PASS">
          <reporter-output>
          </reporter-output>
        </test-method> <!-- Contact -->
        <test-method signature="Home()[pri:0, instance:com.testNG.DependsOn@25fb8912]" started-at="2018-07-10T13:18:47Z" name="Home" finished-at="2018-07-10T13:18:47Z" depends-on-methods="com.testNG.DependsOn.Login" duration-ms="1" status="PASS">
          <reporter-output>
          </reporter-output>
        </test-method> <!-- Home -->
        <test-method signature="Reg()[pri:0, instance:com.testNG.DependsOn@25fb8912]" started-at="2018-07-10T13:18:47Z" name="Reg" finished-at="2018-07-10T13:18:47Z" depends-on-methods="com.testNG.DependsOn.Login" duration-ms="1" status="PASS">
          <reporter-output>
          </reporter-output>
        </test-method> <!-- Reg -->
      </class> <!-- com.testNG.DependsOn -->
      <class name="com.testNG.Assertverification">
        <test-method is-config="true" signature="setup()[pri:0, instance:com.testNG.Assertverification@5d7148e2]" started-at="2018-07-10T13:18:24Z" name="setup" finished-at="2018-07-10T13:18:29Z" duration-ms="5335" status="PASS">
          <reporter-output>
          </reporter-output>
        </test-method> <!-- setup -->
        <test-method signature="GoogleIma()[pri:0, instance:com.testNG.Assertverification@5d7148e2]" started-at="2018-07-10T13:18:29Z" name="GoogleIma" finished-at="2018-07-10T13:18:30Z" duration-ms="91" status="PASS">
          <reporter-output>
          </reporter-output>
        </test-method> <!-- GoogleIma -->
        <test-method is-config="true" signature="closeBrowser()[pri:0, instance:com.testNG.Assertverification@5d7148e2]" started-at="2018-07-10T13:18:30Z" name="closeBrowser" finished-at="2018-07-10T13:18:32Z" duration-ms="2095" status="PASS">
          <reporter-output>
          </reporter-output>
        </test-method> <!-- closeBrowser -->
        <test-method is-config="true" signature="setup()[pri:0, instance:com.testNG.Assertverification@5d7148e2]" started-at="2018-07-10T13:18:32Z" name="setup" finished-at="2018-07-10T13:18:37Z" duration-ms="4943" status="PASS">
          <reporter-output>
          </reporter-output>
        </test-method> <!-- setup -->
        <test-method signature="GoogleTitle()[pri:0, instance:com.testNG.Assertverification@5d7148e2]" started-at="2018-07-10T13:18:37Z" name="GoogleTitle" finished-at="2018-07-10T13:18:37Z" duration-ms="15" status="PASS">
          <reporter-output>
          </reporter-output>
        </test-method> <!-- GoogleTitle -->
        <test-method is-config="true" signature="closeBrowser()[pri:0, instance:com.testNG.Assertverification@5d7148e2]" started-at="2018-07-10T13:18:37Z" name="closeBrowser" finished-at="2018-07-10T13:18:39Z" duration-ms="2094" status="PASS">
          <reporter-output>
          </reporter-output>
        </test-method> <!-- closeBrowser -->
        <test-method is-config="true" signature="setup()[pri:0, instance:com.testNG.Assertverification@5d7148e2]" started-at="2018-07-10T13:18:39Z" name="setup" finished-at="2018-07-10T13:18:44Z" duration-ms="5734" status="PASS">
          <reporter-output>
          </reporter-output>
        </test-method> <!-- setup -->
        <test-method signature="Googlemail()[pri:0, instance:com.testNG.Assertverification@5d7148e2]" started-at="2018-07-10T13:18:44Z" name="Googlemail" finished-at="2018-07-10T13:18:45Z" duration-ms="75" status="PASS">
          <reporter-output>
          </reporter-output>
        </test-method> <!-- Googlemail -->
        <test-method is-config="true" signature="closeBrowser()[pri:0, instance:com.testNG.Assertverification@5d7148e2]" started-at="2018-07-10T13:18:45Z" name="closeBrowser" finished-at="2018-07-10T13:18:47Z" duration-ms="2089" status="PASS">
          <reporter-output>
          </reporter-output>
        </test-method> <!-- closeBrowser -->
      </class> <!-- com.testNG.Assertverification -->
    </test> <!-- different feature test -->
  </suite> <!-- Google test automation suite -->
</testng-results>
